2026-04-20 22:23:12.374 [main] INFO  io.homeey.gateway.bootstrap.BootstrapApplication - Bootstrap init start: transport=netty, port=18080
2026-04-20 22:23:12.518 [main] INFO  com.alibaba.nacos.plugin.auth.spi.client.ClientAuthPluginManager - [ClientAuthPluginManager] Load ClientAuthService com.alibaba.nacos.client.auth.impl.NacosClientAuthServiceImpl success.
2026-04-20 22:23:12.518 [main] INFO  com.alibaba.nacos.plugin.auth.spi.client.ClientAuthPluginManager - [ClientAuthPluginManager] Load ClientAuthService com.alibaba.nacos.client.auth.ram.RamClientAuthServiceImpl success.
2026-04-20 22:23:12.568 [main] INFO  com.alibaba.nacos.plugin.auth.spi.client.ClientAuthPluginManager - [ClientAuthPluginManager] Load ClientAuthService com.alibaba.nacos.client.auth.impl.NacosClientAuthServiceImpl success.
2026-04-20 22:23:12.568 [main] INFO  com.alibaba.nacos.plugin.auth.spi.client.ClientAuthPluginManager - [ClientAuthPluginManager] Load ClientAuthService com.alibaba.nacos.client.auth.ram.RamClientAuthServiceImpl success.
2026-04-20 22:23:13.289 [main] INFO  com.alibaba.nacos.common.ability.AbstractAbilityControlManager - Ready to get current node abilities...
2026-04-20 22:23:13.290 [main] INFO  com.alibaba.nacos.common.ability.AbstractAbilityControlManager - Ready to initialize current node abilities, support modes: [SDK_CLIENT]
2026-04-20 22:23:13.291 [main] INFO  com.alibaba.nacos.common.ability.AbstractAbilityControlManager - Initialize current abilities finish...
2026-04-20 22:23:13.291 [main] INFO  com.alibaba.nacos.common.ability.discover.NacosAbilityManagerHolder - [AbilityControlManager] Successfully initialize AbilityControlManager
2026-04-20 22:23:14.020 [main] INFO  io.homeey.gateway.bootstrap.BootstrapApplication - Bootstrap init completed
2026-04-20 22:23:14.021 [main] INFO  io.homeey.gateway.bootstrap.BootstrapApplication - Bootstrap stop
2026-04-20 22:23:14.026 [main] INFO  io.homeey.gateway.bootstrap.BootstrapApplication - Bootstrap stopped
2026-04-20 22:23:14.106 [main] INFO  io.homeey.gateway.bootstrap.BootstrapApplication - Bootstrap init start: transport=netty, port=19080
2026-04-20 22:23:14.113 [main] INFO  com.alibaba.nacos.plugin.auth.spi.client.ClientAuthPluginManager - [ClientAuthPluginManager] Load ClientAuthService com.alibaba.nacos.client.auth.impl.NacosClientAuthServiceImpl success.
2026-04-20 22:23:14.113 [main] INFO  com.alibaba.nacos.plugin.auth.spi.client.ClientAuthPluginManager - [ClientAuthPluginManager] Load ClientAuthService com.alibaba.nacos.client.auth.ram.RamClientAuthServiceImpl success.
2026-04-20 22:23:14.114 [main] INFO  com.alibaba.nacos.plugin.auth.spi.client.ClientAuthPluginManager - [ClientAuthPluginManager] Load ClientAuthService com.alibaba.nacos.client.auth.impl.NacosClientAuthServiceImpl success.
2026-04-20 22:23:14.114 [main] INFO  com.alibaba.nacos.plugin.auth.spi.client.ClientAuthPluginManager - [ClientAuthPluginManager] Load ClientAuthService com.alibaba.nacos.client.auth.ram.RamClientAuthServiceImpl success.
2026-04-20 22:23:14.613 [main] INFO  io.homeey.gateway.bootstrap.BootstrapApplication - Bootstrap init completed
2026-04-20 22:23:14.613 [main] INFO  io.homeey.gateway.bootstrap.BootstrapApplication - Bootstrap stop
2026-04-20 22:23:14.616 [main] INFO  io.homeey.gateway.bootstrap.BootstrapApplication - Bootstrap stopped
2026-04-20 22:23:14.692 [Thread-5] WARN  com.alibaba.nacos.common.http.HttpClientBeanHolder - [HttpClientBeanHolder] Start destroying common HttpClient
2026-04-20 22:23:14.692 [Thread-8] WARN  com.alibaba.nacos.common.notify.NotifyCenter - [NotifyCenter] Start destroying Publisher
2026-04-20 22:23:14.692 [Thread-8] WARN  com.alibaba.nacos.common.notify.NotifyCenter - [NotifyCenter] Destruction of the end
2026-04-20 22:23:14.692 [Thread-5] WARN  com.alibaba.nacos.common.http.HttpClientBeanHolder - [HttpClientBeanHolder] Destruction of the end
